<?xml version="1.0" encoding="utf-8"?>
<TestRun id="f1b5d86d-9efe-4b23-933a-5de1223de82e" name="BANGHO@PAU 2025-10-23 19:33:54" runUser="PAU\BANGHO" xmlns="http://microsoft.com/schemas/VisualStudio/TeamTest/2010">
  <Times creation="2025-10-23T19:33:54.2623464-03:00" queuing="2025-10-23T19:33:54.2623468-03:00" start="2025-10-23T19:33:51.3602641-03:00" finish="2025-10-23T19:33:54.3243865-03:00" />
  <TestSettings name="default" id="01206cc8-9c49-471c-8cfc-25a4394090de">
    <Deployment runDeploymentRoot="BANGHO_PAU_2025-10-23_19_33_54" />
  </TestSettings>
  <Results>
    <UnitTestResult executionId="b3ffe968-95da-4328-bbac-f5077e3110cf" testId="a0513a1e-634a-f278-fb95-d6436a291aa2" testName="EmployeeCrudApi.Tests.EmployeeControllerTests.GetAll_ReturnsListOfEmployees" computerName="PAU" duration="00:00:00.5857531" startTime="2025-10-23T19:33:54.2060063-03:00" endTime="2025-10-23T19:33:54.2060397-03:00" testType="13cdc9d9-ddb5-4fa4-a97d-d965ccfc6d4b" outcome="Passed" testListId="8c84fa94-04c1-424b-9868-57a2d4851a1d" relativeResultsDirectory="b3ffe968-95da-4328-bbac-f5077e3110cf" />
    <UnitTestResult executionId="a3bcb1c3-7c7d-4365-b747-666d4029fe78" testId="e5d57d2a-5d83-9d90-84c0-e8227dd95924" testName="EmployeeCrudApi.Tests.ProductControllerUnitTests.Create_DuplicateName_LogsWarning_WithMoq" computerName="PAU" duration="00:00:00.0279486" startTime="2025-10-23T19:33:54.2438029-03:00" endTime="2025-10-23T19:33:54.2438035-03:00" testType="13cdc9d9-ddb5-4fa4-a97d-d965ccfc6d4b" outcome="Passed" testListId="8c84fa94-04c1-424b-9868-57a2d4851a1d" relativeResultsDirectory="a3bcb1c3-7c7d-4365-b747-666d4029fe78" />
    <UnitTestResult executionId="82be5437-24af-4cc2-bd3e-6f1587804c0e" testId="668d3f3b-0f94-cb43-d953-afd19397e57b" testName="EmployeeCrudApi.Tests.EmployeeControllerTests.Create_Formats_Name_As_GivenAndUppercaseSurname" computerName="PAU" duration="00:00:00.0051053" startTime="2025-10-23T19:33:54.2111334-03:00" endTime="2025-10-23T19:33:54.2111334-03:00" testType="13cdc9d9-ddb5-4fa4-a97d-d965ccfc6d4b" outcome="Passed" testListId="8c84fa94-04c1-424b-9868-57a2d4851a1d" relativeResultsDirectory="82be5437-24af-4cc2-bd3e-6f1587804c0e" />
    <UnitTestResult executionId="08037270-45af-426b-8827-ce08b39e95b3" testId="a2ac9c63-f211-a5c4-edc1-1df5995f60ca" testName="EmployeeCrudApi.Tests.EmployeeControllerTests.GetById_ReturnsEmployeeById" computerName="PAU" duration="00:00:00.0015519" startTime="2025-10-23T19:33:54.2286858-03:00" endTime="2025-10-23T19:33:54.2286858-03:00" testType="13cdc9d9-ddb5-4fa4-a97d-d965ccfc6d4b" outcome="Passed" testListId="8c84fa94-04c1-424b-9868-57a2d4851a1d" relativeResultsDirectory="08037270-45af-426b-8827-ce08b39e95b3" />
    <UnitTestResult executionId="4032daf2-2d4d-4bd9-ae0a-2b9de129babf" testId="537edf5e-4484-db08-d500-306d2a990185" testName="EmployeeCrudApi.Tests.EmployeeControllerTests.Create_Rejects_Excessive_Repeats" computerName="PAU" duration="00:00:00.0006120" startTime="2025-10-23T19:33:54.2170196-03:00" endTime="2025-10-23T19:33:54.2170198-03:00" testType="13cdc9d9-ddb5-4fa4-a97d-d965ccfc6d4b" outcome="Passed" testListId="8c84fa94-04c1-424b-9868-57a2d4851a1d" relativeResultsDirectory="4032daf2-2d4d-4bd9-ae0a-2b9de129babf" />
    <UnitTestResult executionId="e8fb9a77-8c65-45ae-878b-288f0eac959a" testId="18e88351-b0e2-996a-d6a5-d60c258f8983" testName="EmployeeCrudApi.Tests.EmployeeControllerTests.Create_Rejects_Names_With_Digits" computerName="PAU" duration="00:00:00.0006732" startTime="2025-10-23T19:33:54.2163480-03:00" endTime="2025-10-23T19:33:54.2163481-03:00" testType="13cdc9d9-ddb5-4fa4-a97d-d965ccfc6d4b" outcome="Passed" testListId="8c84fa94-04c1-424b-9868-57a2d4851a1d" relativeResultsDirectory="e8fb9a77-8c65-45ae-878b-288f0eac959a" />
    <UnitTestResult executionId="fd36348f-58ad-4556-b32e-f5bcfc24eaf3" testId="95dd56ba-8759-b352-1178-2c55d41c1247" testName="EmployeeCrudApi.Tests.EmployeeControllerTests.Create_Rejects_DuplicateName" computerName="PAU" duration="00:00:00.0049483" startTime="2025-10-23T19:33:54.2155874-03:00" endTime="2025-10-23T19:33:54.2155877-03:00" testType="13cdc9d9-ddb5-4fa4-a97d-d965ccfc6d4b" outcome="Passed" testListId="8c84fa94-04c1-424b-9868-57a2d4851a1d" relativeResultsDirectory="fd36348f-58ad-4556-b32e-f5bcfc24eaf3" />
    <UnitTestResult executionId="56d8f335-d1b8-4cc3-8db3-73b3fbc87db3" testId="f1d45c17-5b32-3a62-b367-83f43cf6a0cb" testName="EmployeeCrudApi.Tests.ProductControllerUnitTests.IncrementStock_TooHigh_ReturnsBadRequest" computerName="PAU" duration="00:00:00.5863578" startTime="2025-10-23T19:33:54.2098416-03:00" endTime="2025-10-23T19:33:54.2098417-03:00" testType="13cdc9d9-ddb5-4fa4-a97d-d965ccfc6d4b" outcome="Passed" testListId="8c84fa94-04c1-424b-9868-57a2d4851a1d" relativeResultsDirectory="56d8f335-d1b8-4cc3-8db3-73b3fbc87db3" />
    <UnitTestResult executionId="e8a5fcfe-c0fb-4c0b-ba68-63c6ba13f383" testId="31dca4b1-b1d6-c4f9-715c-d53b65cb0a6a" testName="EmployeeCrudApi.Tests.ProductControllerUnitTests.IncrementStock_Valid_Increments" computerName="PAU" duration="00:00:00.0007660" startTime="2025-10-23T19:33:54.2456837-03:00" endTime="2025-10-23T19:33:54.2456839-03:00" testType="13cdc9d9-ddb5-4fa4-a97d-d965ccfc6d4b" outcome="Passed" testListId="8c84fa94-04c1-424b-9868-57a2d4851a1d" relativeResultsDirectory="e8a5fcfe-c0fb-4c0b-ba68-63c6ba13f383" />
    <UnitTestResult executionId="03d0fb8e-440a-41da-8a81-5221dc4bc896" testId="05198ea8-cebb-06cd-d3f7-f987f4d3f3e3" testName="EmployeeCrudApi.Tests.ProductControllerUnitTests.SetStock_InvalidRange_ReturnsBadRequest" computerName="PAU" duration="00:00:00.0008978" startTime="2025-10-23T19:33:54.2448497-03:00" endTime="2025-10-23T19:33:54.2448500-03:00" testType="13cdc9d9-ddb5-4fa4-a97d-d965ccfc6d4b" outcome="Passed" testListId="8c84fa94-04c1-424b-9868-57a2d4851a1d" relativeResultsDirectory="03d0fb8e-440a-41da-8a81-5221dc4bc896" />
    <UnitTestResult executionId="58035641-ca82-4369-8b14-23fed3b676bd" testId="6be3f5ab-0c6e-1dc9-16f6-b67cca12330f" testName="EmployeeCrudApi.Tests.EmployeeControllerTests.Create_AddsEmployee" computerName="PAU" duration="00:00:00.0012921" startTime="2025-10-23T19:33:54.2287802-03:00" endTime="2025-10-23T19:33:54.2287802-03:00" testType="13cdc9d9-ddb5-4fa4-a97d-d965ccfc6d4b" outcome="Passed" testListId="8c84fa94-04c1-424b-9868-57a2d4851a1d" relativeResultsDirectory="58035641-ca82-4369-8b14-23fed3b676bd" />
    <UnitTestResult executionId="b1d3cab7-ce9a-4fc9-b3c5-d84a8ff326a4" testId="abd5dd92-c243-edd2-8f8b-c0cbaef9ea92" testName="EmployeeCrudApi.Tests.EmployeeControllerTests.Update_UpdatesEmployee" computerName="PAU" duration="00:00:00.0045978" startTime="2025-10-23T19:33:54.2287401-03:00" endTime="2025-10-23T19:33:54.2287402-03:00" testType="13cdc9d9-ddb5-4fa4-a97d-d965ccfc6d4b" outcome="Passed" testListId="8c84fa94-04c1-424b-9868-57a2d4851a1d" relativeResultsDirectory="b1d3cab7-ce9a-4fc9-b3c5-d84a8ff326a4" />
    <UnitTestResult executionId="086d7839-6f44-4a61-86ca-564eada67f03" testId="a6a07042-e575-2b9f-c572-222eb536452d" testName="EmployeeCrudApi.Tests.EmployeeControllerTests.Delete_NotFound_ReturnsNotFound" computerName="PAU" duration="00:00:00.0022249" startTime="2025-10-23T19:33:54.2288118-03:00" endTime="2025-10-23T19:33:54.2288118-03:00" testType="13cdc9d9-ddb5-4fa4-a97d-d965ccfc6d4b" outcome="Passed" testListId="8c84fa94-04c1-424b-9868-57a2d4851a1d" relativeResultsDirectory="086d7839-6f44-4a61-86ca-564eada67f03" />
    <UnitTestResult executionId="b837980a-8d3f-4d95-9223-6e9389d8536d" testId="7fc83deb-c4d1-0cc3-aefa-99ff0692e2d6" testName="EmployeeCrudApi.Tests.ProductControllerUnitTests.DecrementStock_Valid_Decrements" computerName="PAU" duration="00:00:00.0020458" startTime="2025-10-23T19:33:54.2494885-03:00" endTime="2025-10-23T19:33:54.2494886-03:00" testType="13cdc9d9-ddb5-4fa4-a97d-d965ccfc6d4b" outcome="Passed" testListId="8c84fa94-04c1-424b-9868-57a2d4851a1d" relativeResultsDirectory="b837980a-8d3f-4d95-9223-6e9389d8536d" />
    <UnitTestResult executionId="cf16c23b-943a-4be6-bcd4-d92337f4d897" testId="b2402899-5e68-a027-8374-ae19fc46cd60" testName="EmployeeCrudApi.Tests.ProductControllerUnitTests.SetStock_NullDto_ReturnsBadRequest" computerName="PAU" duration="00:00:00.0006615" startTime="2025-10-23T19:33:54.2493729-03:00" endTime="2025-10-23T19:33:54.2493732-03:00" testType="13cdc9d9-ddb5-4fa4-a97d-d965ccfc6d4b" outcome="Passed" testListId="8c84fa94-04c1-424b-9868-57a2d4851a1d" relativeResultsDirectory="cf16c23b-943a-4be6-bcd4-d92337f4d897" />
    <UnitTestResult executionId="3bbd5813-4b35-4845-833d-838817e4772e" testId="465ffcaf-fea9-5eaa-28f7-cdeac304744b" testName="EmployeeCrudApi.Tests.ProductControllerUnitTests.SetStock_Valid_UpdatesStock" computerName="PAU" duration="00:00:00.0024378" startTime="2025-10-23T19:33:54.2108818-03:00" endTime="2025-10-23T19:33:54.2108819-03:00" testType="13cdc9d9-ddb5-4fa4-a97d-d965ccfc6d4b" outcome="Passed" testListId="8c84fa94-04c1-424b-9868-57a2d4851a1d" relativeResultsDirectory="3bbd5813-4b35-4845-833d-838817e4772e" />
    <UnitTestResult executionId="cd2fe27c-ff1a-428e-9455-25467d6fef5c" testId="0892153d-6f4c-f2b6-d5d6-08ff6b247faf" testName="EmployeeCrudApi.Tests.ProductControllerUnitTests.Update_NotFound_ReturnsNotFound" computerName="PAU" duration="00:00:00.0007488" startTime="2025-10-23T19:33:54.2465225-03:00" endTime="2025-10-23T19:33:54.2465227-03:00" testType="13cdc9d9-ddb5-4fa4-a97d-d965ccfc6d4b" outcome="Passed" testListId="8c84fa94-04c1-424b-9868-57a2d4851a1d" relativeResultsDirectory="cd2fe27c-ff1a-428e-9455-25467d6fef5c" />
    <UnitTestResult executionId="487ea237-258e-4fad-bd80-5b2da978b9b4" testId="5e4d9af4-ef04-b6cd-537f-316bd2841409" testName="EmployeeCrudApi.Tests.ProductControllerUnitTests.Create_InvalidModel_ReturnsBadRequest" computerName="PAU" duration="00:00:00.0077593" startTime="2025-10-23T19:33:54.2156806-03:00" endTime="2025-10-23T19:33:54.2156807-03:00" testType="13cdc9d9-ddb5-4fa4-a97d-d965ccfc6d4b" outcome="Passed" testListId="8c84fa94-04c1-424b-9868-57a2d4851a1d" relativeResultsDirectory="487ea237-258e-4fad-bd80-5b2da978b9b4" />
    <UnitTestResult executionId="76b3aaf8-9978-4c7d-a2b5-138e2bdd8339" testId="28d29dac-0e39-e823-bac8-7a138f53f160" testName="EmployeeCrudApi.Tests.EmployeeControllerTests.Delete_RemovesEmployee" computerName="PAU" duration="00:00:00.0021927" startTime="2025-10-23T19:33:54.2295841-03:00" endTime="2025-10-23T19:33:54.2295844-03:00" testType="13cdc9d9-ddb5-4fa4-a97d-d965ccfc6d4b" outcome="Passed" testListId="8c84fa94-04c1-424b-9868-57a2d4851a1d" relativeResultsDirectory="76b3aaf8-9978-4c7d-a2b5-138e2bdd8339" />
  </Results>
  <TestDefinitions>
    <UnitTest name="EmployeeCrudApi.Tests.EmployeeControllerTests.Create_Rejects_Excessive_Repeats" storage="c:\users\bangho\tp6\backend.tests\bin\debug\net8.0\employeecrudapi.tests.dll" id="537edf5e-4484-db08-d500-306d2a990185">
      <Execution id="4032daf2-2d4d-4bd9-ae0a-2b9de129babf" />
      <TestMethod codeBase="c:\Users\BANGHO\TP6\Backend.Tests\bin\Debug\net8.0\EmployeeCrudApi.Tests.dll" adapterTypeName="executor://xunit/VsTestRunner2/netcoreapp" className="EmployeeCrudApi.Tests.EmployeeControllerTests" name="Create_Rejects_Excessive_Repeats" />
    </UnitTest>
    <UnitTest name="EmployeeCrudApi.Tests.ProductControllerUnitTests.SetStock_InvalidRange_ReturnsBadRequest" storage="c:\users\bangho\tp6\backend.tests\bin\debug\net8.0\employeecrudapi.tests.dll" id="05198ea8-cebb-06cd-d3f7-f987f4d3f3e3">
      <Execution id="03d0fb8e-440a-41da-8a81-5221dc4bc896" />
      <TestMethod codeBase="c:\Users\BANGHO\TP6\Backend.Tests\bin\Debug\net8.0\EmployeeCrudApi.Tests.dll" adapterTypeName="executor://xunit/VsTestRunner2/netcoreapp" className="EmployeeCrudApi.Tests.ProductControllerUnitTests" name="SetStock_InvalidRange_ReturnsBadRequest" />
    </UnitTest>
    <UnitTest name="EmployeeCrudApi.Tests.ProductControllerUnitTests.SetStock_NullDto_ReturnsBadRequest" storage="c:\users\bangho\tp6\backend.tests\bin\debug\net8.0\employeecrudapi.tests.dll" id="b2402899-5e68-a027-8374-ae19fc46cd60">
      <Execution id="cf16c23b-943a-4be6-bcd4-d92337f4d897" />
      <TestMethod codeBase="c:\Users\BANGHO\TP6\Backend.Tests\bin\Debug\net8.0\EmployeeCrudApi.Tests.dll" adapterTypeName="executor://xunit/VsTestRunner2/netcoreapp" className="EmployeeCrudApi.Tests.ProductControllerUnitTests" name="SetStock_NullDto_ReturnsBadRequest" />
    </UnitTest>
    <UnitTest name="EmployeeCrudApi.Tests.EmployeeControllerTests.Create_AddsEmployee" storage="c:\users\bangho\tp6\backend.tests\bin\debug\net8.0\employeecrudapi.tests.dll" id="6be3f5ab-0c6e-1dc9-16f6-b67cca12330f">
      <Execution id="58035641-ca82-4369-8b14-23fed3b676bd" />
      <TestMethod codeBase="c:\Users\BANGHO\TP6\Backend.Tests\bin\Debug\net8.0\EmployeeCrudApi.Tests.dll" adapterTypeName="executor://xunit/VsTestRunner2/netcoreapp" className="EmployeeCrudApi.Tests.EmployeeControllerTests" name="Create_AddsEmployee" />
    </UnitTest>
    <UnitTest name="EmployeeCrudApi.Tests.EmployeeControllerTests.Create_Rejects_Names_With_Digits" storage="c:\users\bangho\tp6\backend.tests\bin\debug\net8.0\employeecrudapi.tests.dll" id="18e88351-b0e2-996a-d6a5-d60c258f8983">
      <Execution id="e8fb9a77-8c65-45ae-878b-288f0eac959a" />
      <TestMethod codeBase="c:\Users\BANGHO\TP6\Backend.Tests\bin\Debug\net8.0\EmployeeCrudApi.Tests.dll" adapterTypeName="executor://xunit/VsTestRunner2/netcoreapp" className="EmployeeCrudApi.Tests.EmployeeControllerTests" name="Create_Rejects_Names_With_Digits" />
    </UnitTest>
    <UnitTest name="EmployeeCrudApi.Tests.ProductControllerUnitTests.SetStock_Valid_UpdatesStock" storage="c:\users\bangho\tp6\backend.tests\bin\debug\net8.0\employeecrudapi.tests.dll" id="465ffcaf-fea9-5eaa-28f7-cdeac304744b">
      <Execution id="3bbd5813-4b35-4845-833d-838817e4772e" />
      <TestMethod codeBase="c:\Users\BANGHO\TP6\Backend.Tests\bin\Debug\net8.0\EmployeeCrudApi.Tests.dll" adapterTypeName="executor://xunit/VsTestRunner2/netcoreapp" className="EmployeeCrudApi.Tests.ProductControllerUnitTests" name="SetStock_Valid_UpdatesStock" />
    </UnitTest>
    <UnitTest name="EmployeeCrudApi.Tests.EmployeeControllerTests.Create_Formats_Name_As_GivenAndUppercaseSurname" storage="c:\users\bangho\tp6\backend.tests\bin\debug\net8.0\employeecrudapi.tests.dll" id="668d3f3b-0f94-cb43-d953-afd19397e57b">
      <Execution id="82be5437-24af-4cc2-bd3e-6f1587804c0e" />
      <TestMethod codeBase="c:\Users\BANGHO\TP6\Backend.Tests\bin\Debug\net8.0\EmployeeCrudApi.Tests.dll" adapterTypeName="executor://xunit/VsTestRunner2/netcoreapp" className="EmployeeCrudApi.Tests.EmployeeControllerTests" name="Create_Formats_Name_As_GivenAndUppercaseSurname" />
    </UnitTest>
    <UnitTest name="EmployeeCrudApi.Tests.EmployeeControllerTests.Create_Rejects_DuplicateName" storage="c:\users\bangho\tp6\backend.tests\bin\debug\net8.0\employeecrudapi.tests.dll" id="95dd56ba-8759-b352-1178-2c55d41c1247">
      <Execution id="fd36348f-58ad-4556-b32e-f5bcfc24eaf3" />
      <TestMethod codeBase="c:\Users\BANGHO\TP6\Backend.Tests\bin\Debug\net8.0\EmployeeCrudApi.Tests.dll" adapterTypeName="executor://xunit/VsTestRunner2/netcoreapp" className="EmployeeCrudApi.Tests.EmployeeControllerTests" name="Create_Rejects_DuplicateName" />
    </UnitTest>
    <UnitTest name="EmployeeCrudApi.Tests.ProductControllerUnitTests.IncrementStock_TooHigh_ReturnsBadRequest" storage="c:\users\bangho\tp6\backend.tests\bin\debug\net8.0\employeecrudapi.tests.dll" id="f1d45c17-5b32-3a62-b367-83f43cf6a0cb">
      <Execution id="56d8f335-d1b8-4cc3-8db3-73b3fbc87db3" />
      <TestMethod codeBase="c:\Users\BANGHO\TP6\Backend.Tests\bin\Debug\net8.0\EmployeeCrudApi.Tests.dll" adapterTypeName="executor://xunit/VsTestRunner2/netcoreapp" className="EmployeeCrudApi.Tests.ProductControllerUnitTests" name="IncrementStock_TooHigh_ReturnsBadRequest" />
    </UnitTest>
    <UnitTest name="EmployeeCrudApi.Tests.ProductControllerUnitTests.Update_NotFound_ReturnsNotFound" storage="c:\users\bangho\tp6\backend.tests\bin\debug\net8.0\employeecrudapi.tests.dll" id="0892153d-6f4c-f2b6-d5d6-08ff6b247faf">
      <Execution id="cd2fe27c-ff1a-428e-9455-25467d6fef5c" />
      <TestMethod codeBase="c:\Users\BANGHO\TP6\Backend.Tests\bin\Debug\net8.0\EmployeeCrudApi.Tests.dll" adapterTypeName="executor://xunit/VsTestRunner2/netcoreapp" className="EmployeeCrudApi.Tests.ProductControllerUnitTests" name="Update_NotFound_ReturnsNotFound" />
    </UnitTest>
    <UnitTest name="EmployeeCrudApi.Tests.ProductControllerUnitTests.IncrementStock_Valid_Increments" storage="c:\users\bangho\tp6\backend.tests\bin\debug\net8.0\employeecrudapi.tests.dll" id="31dca4b1-b1d6-c4f9-715c-d53b65cb0a6a">
      <Execution id="e8a5fcfe-c0fb-4c0b-ba68-63c6ba13f383" />
      <TestMethod codeBase="c:\Users\BANGHO\TP6\Backend.Tests\bin\Debug\net8.0\EmployeeCrudApi.Tests.dll" adapterTypeName="executor://xunit/VsTestRunner2/netcoreapp" className="EmployeeCrudApi.Tests.ProductControllerUnitTests" name="IncrementStock_Valid_Increments" />
    </UnitTest>
    <UnitTest name="EmployeeCrudApi.Tests.EmployeeControllerTests.Delete_RemovesEmployee" storage="c:\users\bangho\tp6\backend.tests\bin\debug\net8.0\employeecrudapi.tests.dll" id="28d29dac-0e39-e823-bac8-7a138f53f160">
      <Execution id="76b3aaf8-9978-4c7d-a2b5-138e2bdd8339" />
      <TestMethod codeBase="c:\Users\BANGHO\TP6\Backend.Tests\bin\Debug\net8.0\EmployeeCrudApi.Tests.dll" adapterTypeName="executor://xunit/VsTestRunner2/netcoreapp" className="EmployeeCrudApi.Tests.EmployeeControllerTests" name="Delete_RemovesEmployee" />
    </UnitTest>
    <UnitTest name="EmployeeCrudApi.Tests.ProductControllerUnitTests.DecrementStock_Valid_Decrements" storage="c:\users\bangho\tp6\backend.tests\bin\debug\net8.0\employeecrudapi.tests.dll" id="7fc83deb-c4d1-0cc3-aefa-99ff0692e2d6">
      <Execution id="b837980a-8d3f-4d95-9223-6e9389d8536d" />
      <TestMethod codeBase="c:\Users\BANGHO\TP6\Backend.Tests\bin\Debug\net8.0\EmployeeCrudApi.Tests.dll" adapterTypeName="executor://xunit/VsTestRunner2/netcoreapp" className="EmployeeCrudApi.Tests.ProductControllerUnitTests" name="DecrementStock_Valid_Decrements" />
    </UnitTest>
    <UnitTest name="EmployeeCrudApi.Tests.EmployeeControllerTests.Delete_NotFound_ReturnsNotFound" storage="c:\users\bangho\tp6\backend.tests\bin\debug\net8.0\employeecrudapi.tests.dll" id="a6a07042-e575-2b9f-c572-222eb536452d">
      <Execution id="086d7839-6f44-4a61-86ca-564eada67f03" />
      <TestMethod codeBase="c:\Users\BANGHO\TP6\Backend.Tests\bin\Debug\net8.0\EmployeeCrudApi.Tests.dll" adapterTypeName="executor://xunit/VsTestRunner2/netcoreapp" className="EmployeeCrudApi.Tests.EmployeeControllerTests" name="Delete_NotFound_ReturnsNotFound" />
    </UnitTest>
    <UnitTest name="EmployeeCrudApi.Tests.EmployeeControllerTests.GetAll_ReturnsListOfEmployees" storage="c:\users\bangho\tp6\backend.tests\bin\debug\net8.0\employeecrudapi.tests.dll" id="a0513a1e-634a-f278-fb95-d6436a291aa2">
      <Execution id="b3ffe968-95da-4328-bbac-f5077e3110cf" />
      <TestMethod codeBase="c:\Users\BANGHO\TP6\Backend.Tests\bin\Debug\net8.0\EmployeeCrudApi.Tests.dll" adapterTypeName="executor://xunit/VsTestRunner2/netcoreapp" className="EmployeeCrudApi.Tests.EmployeeControllerTests" name="GetAll_ReturnsListOfEmployees" />
    </UnitTest>
    <UnitTest name="EmployeeCrudApi.Tests.ProductControllerUnitTests.Create_DuplicateName_LogsWarning_WithMoq" storage="c:\users\bangho\tp6\backend.tests\bin\debug\net8.0\employeecrudapi.tests.dll" id="e5d57d2a-5d83-9d90-84c0-e8227dd95924">
      <Execution id="a3bcb1c3-7c7d-4365-b747-666d4029fe78" />
      <TestMethod codeBase="c:\Users\BANGHO\TP6\Backend.Tests\bin\Debug\net8.0\EmployeeCrudApi.Tests.dll" adapterTypeName="executor://xunit/VsTestRunner2/netcoreapp" className="EmployeeCrudApi.Tests.ProductControllerUnitTests" name="Create_DuplicateName_LogsWarning_WithMoq" />
    </UnitTest>
    <UnitTest name="EmployeeCrudApi.Tests.EmployeeControllerTests.GetById_ReturnsEmployeeById" storage="c:\users\bangho\tp6\backend.tests\bin\debug\net8.0\employeecrudapi.tests.dll" id="a2ac9c63-f211-a5c4-edc1-1df5995f60ca">
      <Execution id="08037270-45af-426b-8827-ce08b39e95b3" />
      <TestMethod codeBase="c:\Users\BANGHO\TP6\Backend.Tests\bin\Debug\net8.0\EmployeeCrudApi.Tests.dll" adapterTypeName="executor://xunit/VsTestRunner2/netcoreapp" className="EmployeeCrudApi.Tests.EmployeeControllerTests" name="GetById_ReturnsEmployeeById" />
    </UnitTest>
    <UnitTest name="EmployeeCrudApi.Tests.EmployeeControllerTests.Update_UpdatesEmployee" storage="c:\users\bangho\tp6\backend.tests\bin\debug\net8.0\employeecrudapi.tests.dll" id="abd5dd92-c243-edd2-8f8b-c0cbaef9ea92">
      <Execution id="b1d3cab7-ce9a-4fc9-b3c5-d84a8ff326a4" />
      <TestMethod codeBase="c:\Users\BANGHO\TP6\Backend.Tests\bin\Debug\net8.0\EmployeeCrudApi.Tests.dll" adapterTypeName="executor://xunit/VsTestRunner2/netcoreapp" className="EmployeeCrudApi.Tests.EmployeeControllerTests" name="Update_UpdatesEmployee" />
    </UnitTest>
    <UnitTest name="EmployeeCrudApi.Tests.ProductControllerUnitTests.Create_InvalidModel_ReturnsBadRequest" storage="c:\users\bangho\tp6\backend.tests\bin\debug\net8.0\employeecrudapi.tests.dll" id="5e4d9af4-ef04-b6cd-537f-316bd2841409">
      <Execution id="487ea237-258e-4fad-bd80-5b2da978b9b4" />
      <TestMethod codeBase="c:\Users\BANGHO\TP6\Backend.Tests\bin\Debug\net8.0\EmployeeCrudApi.Tests.dll" adapterTypeName="executor://xunit/VsTestRunner2/netcoreapp" className="EmployeeCrudApi.Tests.ProductControllerUnitTests" name="Create_InvalidModel_ReturnsBadRequest" />
    </UnitTest>
  </TestDefinitions>
  <TestEntries>
    <TestEntry testId="a0513a1e-634a-f278-fb95-d6436a291aa2" executionId="b3ffe968-95da-4328-bbac-f5077e3110cf" testListId="8c84fa94-04c1-424b-9868-57a2d4851a1d" />
    <TestEntry testId="e5d57d2a-5d83-9d90-84c0-e8227dd95924" executionId="a3bcb1c3-7c7d-4365-b747-666d4029fe78" testListId="8c84fa94-04c1-424b-9868-57a2d4851a1d" />
    <TestEntry testId="668d3f3b-0f94-cb43-d953-afd19397e57b" executionId="82be5437-24af-4cc2-bd3e-6f1587804c0e" testListId="8c84fa94-04c1-424b-9868-57a2d4851a1d" />
    <TestEntry testId="a2ac9c63-f211-a5c4-edc1-1df5995f60ca" executionId="08037270-45af-426b-8827-ce08b39e95b3" testListId="8c84fa94-04c1-424b-9868-57a2d4851a1d" />
    <TestEntry testId="537edf5e-4484-db08-d500-306d2a990185" executionId="4032daf2-2d4d-4bd9-ae0a-2b9de129babf" testListId="8c84fa94-04c1-424b-9868-57a2d4851a1d" />
    <TestEntry testId="18e88351-b0e2-996a-d6a5-d60c258f8983" executionId="e8fb9a77-8c65-45ae-878b-288f0eac959a" testListId="8c84fa94-04c1-424b-9868-57a2d4851a1d" />
    <TestEntry testId="95dd56ba-8759-b352-1178-2c55d41c1247" executionId="fd36348f-58ad-4556-b32e-f5bcfc24eaf3" testListId="8c84fa94-04c1-424b-9868-57a2d4851a1d" />
    <TestEntry testId="f1d45c17-5b32-3a62-b367-83f43cf6a0cb" executionId="56d8f335-d1b8-4cc3-8db3-73b3fbc87db3" testListId="8c84fa94-04c1-424b-9868-57a2d4851a1d" />
    <TestEntry testId="31dca4b1-b1d6-c4f9-715c-d53b65cb0a6a" executionId="e8a5fcfe-c0fb-4c0b-ba68-63c6ba13f383" testListId="8c84fa94-04c1-424b-9868-57a2d4851a1d" />
    <TestEntry testId="05198ea8-cebb-06cd-d3f7-f987f4d3f3e3" executionId="03d0fb8e-440a-41da-8a81-5221dc4bc896" testListId="8c84fa94-04c1-424b-9868-57a2d4851a1d" />
    <TestEntry testId="6be3f5ab-0c6e-1dc9-16f6-b67cca12330f" executionId="58035641-ca82-4369-8b14-23fed3b676bd" testListId="8c84fa94-04c1-424b-9868-57a2d4851a1d" />
    <TestEntry testId="abd5dd92-c243-edd2-8f8b-c0cbaef9ea92" executionId="b1d3cab7-ce9a-4fc9-b3c5-d84a8ff326a4" testListId="8c84fa94-04c1-424b-9868-57a2d4851a1d" />
    <TestEntry testId="a6a07042-e575-2b9f-c572-222eb536452d" executionId="086d7839-6f44-4a61-86ca-564eada67f03" testListId="8c84fa94-04c1-424b-9868-57a2d4851a1d" />
    <TestEntry testId="7fc83deb-c4d1-0cc3-aefa-99ff0692e2d6" executionId="b837980a-8d3f-4d95-9223-6e9389d8536d" testListId="8c84fa94-04c1-424b-9868-57a2d4851a1d" />
    <TestEntry testId="b2402899-5e68-a027-8374-ae19fc46cd60" executionId="cf16c23b-943a-4be6-bcd4-d92337f4d897" testListId="8c84fa94-04c1-424b-9868-57a2d4851a1d" />
    <TestEntry testId="465ffcaf-fea9-5eaa-28f7-cdeac304744b" executionId="3bbd5813-4b35-4845-833d-838817e4772e" testListId="8c84fa94-04c1-424b-9868-57a2d4851a1d" />
    <TestEntry testId="0892153d-6f4c-f2b6-d5d6-08ff6b247faf" executionId="cd2fe27c-ff1a-428e-9455-25467d6fef5c" testListId="8c84fa94-04c1-424b-9868-57a2d4851a1d" />
    <TestEntry testId="5e4d9af4-ef04-b6cd-537f-316bd2841409" executionId="487ea237-258e-4fad-bd80-5b2da978b9b4" testListId="8c84fa94-04c1-424b-9868-57a2d4851a1d" />
    <TestEntry testId="28d29dac-0e39-e823-bac8-7a138f53f160" executionId="76b3aaf8-9978-4c7d-a2b5-138e2bdd8339" testListId="8c84fa94-04c1-424b-9868-57a2d4851a1d" />
  </TestEntries>
  <TestLists>
    <TestList name="Resultados sin formato de lista" id="8c84fa94-04c1-424b-9868-57a2d4851a1d" />
    <TestList name="Todos los resultados cargados" id="19431567-8539-422a-85d7-44ee4e166bda" />
  </TestLists>
  <ResultSummary outcome="Completed">
    <Counters total="19" executed="19" passed="19" failed="0" error="0" timeout="0" aborted="0" inconclusive="0" passedButRunAborted="0" notRunnable="0" notExecuted="0" disconnected="0" warning="0" completed="0" inProgress="0" pending="0" />
    <Output>
      <StdOut>[xUnit.net 00:00:00.00] xUnit.net VSTest Adapter v2.5.3.1+6b60a9e56a (64-bit .NET 8.0.20)&#xD;
[xUnit.net 00:00:00.80]   Discovering: EmployeeCrudApi.Tests&#xD;
[xUnit.net 00:00:00.85]   Discovered:  EmployeeCrudApi.Tests&#xD;
[xUnit.net 00:00:00.86]   Starting:    EmployeeCrudApi.Tests&#xD;
[xUnit.net 00:00:01.54]   Finished:    EmployeeCrudApi.Tests&#xD;
</StdOut>
    </Output>
  </ResultSummary>
</TestRun>