<?xml version="1.0" encoding="UTF-8"?>
<testsuites name="Mocha Tests" time="16.124" tests="1" failures="1">
  <testsuite name="Root Suite" timestamp="2025-11-11T17:34:05" tests="0" file="cypress\e2e\primer_test.cy.js" time="0.000" failures="0">
  </testsuite>
  <testsuite name="Mi primera prueba" timestamp="2025-11-11T17:34:05" tests="1" time="16.118" failures="1">
    <testcase name="Mi primera prueba Carga correctamente la página de ejemplo" time="0.000" classname="Carga correctamente la página de ejemplo">
      <failure message="Timed out retrying after 10000ms: Expected to find element: `.product-card`, but never found it." type="AssertionError"><![CDATA[AssertionError: Timed out retrying after 10000ms: Expected to find element: `.product-card`, but never found it.
    at Context.eval (webpack:///./cypress/e2e/primer_test.cy.js:19:49)]]></failure>
    </testcase>
  </testsuite>
</testsuites>